<?xml version="1.0" encoding="UTF-8"?>
<!-- Generated by org.testng.reporters.JUnitXMLReporter -->
<testsuite hostname="DELL" ignored="0" name="Default test" tests="7" failures="0" timestamp="15 Feb 2021 16:31:11 GMT" time="110.603" errors="0">
  <testcase name="VerifyEmpNameTest" time="0.152" classname="com.orangeHRM.qa.testdata.PIMPageTest"/>
  <testcase name="ValidateIDnameTest" time="0.478" classname="com.orangeHRM.qa.testdata.PIMPageTest"/>
  <testcase name="ValidateEMPStausTest" time="0.198" classname="com.orangeHRM.qa.testdata.PIMPageTest"/>
  <testcase name="IncludeBoxTest" time="0.153" classname="com.orangeHRM.qa.testdata.PIMPageTest"/>
  <testcase name="JobTitleTest" time="0.185" classname="com.orangeHRM.qa.testdata.PIMPageTest"/>
  <testcase name="SubUnitTest" time="0.135" classname="com.orangeHRM.qa.testdata.PIMPageTest"/>
  <testcase name="SearchBtnTest" time="1.234" classname="com.orangeHRM.qa.testdata.PIMPageTest"/>
</testsuite> <!-- Default test -->
