<?xml version="1.0" encoding="UTF-8"?>
<testsuite name="TestSuite" time="23.341" tests="38" errors="0" skipped="0" failures="0">
  <properties>
[...]
</properties>
  <testcase name="VeriyHomepagetitleTest" classname="com.orangeHRM.qa.testdata.HomePageTest" time="0.021"/>
  <testcase name="OHRMPageTitleTest" classname="com.orangeHRM.qa.testdata.LoginPageTest" time="0.008"/>
  <testcase name="VerifyUserKeywordlabel" classname="com.orangeHRM.qa.testdata.AdminPageTest" time="0.092"/>
  <testcase name="VerifyEmpNameTest" classname="com.orangeHRM.qa.testdata.PIMPageTest" time="0.096"/>
  <testcase name="VerifyLogonameLabel" classname="com.orangeHRM.qa.testdata.HomePageTest" time="0.084"/>
  <testcase name="LoginpageImageTest" classname="com.orangeHRM.qa.testdata.LoginPageTest" time="0.085"/>
  <testcase name="SelectUserName" classname="com.orangeHRM.qa.testdata.AdminPageTest" time="0.219"/>
  <testcase name="ValidateIDnameTest" classname="com.orangeHRM.qa.testdata.PIMPageTest" time="0.234"/>
  <testcase name="ClickonPerformanceLink" classname="com.orangeHRM.qa.testdata.HomePageTest" time="0.111"/>
  <testcase name="loginpageTest" classname="com.orangeHRM.qa.testdata.LoginPageTest" time="4.093"/>
  <testcase name="handeldropdown" classname="com.orangeHRM.qa.testdata.AdminPageTest" time="0.237"/>
  <testcase name="ValidateEMPStausTest" classname="com.orangeHRM.qa.testdata.PIMPageTest" time="0.164"/>
  <testcase name="ClickonPIMLink" classname="com.orangeHRM.qa.testdata.HomePageTest" time="1.769"/>
  <testcase name="ClickOnSearchBtn" classname="com.orangeHRM.qa.testdata.AdminPageTest" time="0.771"/>
  <testcase name="IncludeBoxTest" classname="com.orangeHRM.qa.testdata.PIMPageTest" time="0.083"/>
  <testcase name="ClickOnRecruitmentPage" classname="com.orangeHRM.qa.testdata.HomePageTest" time="1.954"/>
  <testcase name="JobTitleTest" classname="com.orangeHRM.qa.testdata.PIMPageTest" time="0.14"/>
  <testcase name="SubUnitTest" classname="com.orangeHRM.qa.testdata.PIMPageTest" time="0.155"/>
  <testcase name="SearchBtnTest" classname="com.orangeHRM.qa.testdata.PIMPageTest" time="1.07"/>
  <testcase name="VeriyHomepagetitleTest" classname="com.orangeHRM.qa.testdata.HomePageTest" time="0.012"/>
  <testcase name="OHRMPageTitleTest" classname="com.orangeHRM.qa.testdata.LoginPageTest" time="0.007"/>
  <testcase name="VerifyUserKeywordlabel" classname="com.orangeHRM.qa.testdata.AdminPageTest" time="0.062"/>
  <testcase name="VerifyEmpNameTest" classname="com.orangeHRM.qa.testdata.PIMPageTest" time="0.064"/>
  <testcase name="VerifyLogonameLabel" classname="com.orangeHRM.qa.testdata.HomePageTest" time="0.075"/>
  <testcase name="LoginpageImageTest" classname="com.orangeHRM.qa.testdata.LoginPageTest" time="0.058"/>
  <testcase name="SelectUserName" classname="com.orangeHRM.qa.testdata.AdminPageTest" time="0.204"/>
  <testcase name="ValidateIDnameTest" classname="com.orangeHRM.qa.testdata.PIMPageTest" time="0.244"/>
  <testcase name="ClickonPerformanceLink" classname="com.orangeHRM.qa.testdata.HomePageTest" time="0.106"/>
  <testcase name="loginpageTest" classname="com.orangeHRM.qa.testdata.LoginPageTest" time="4.35"/>
  <testcase name="handeldropdown" classname="com.orangeHRM.qa.testdata.AdminPageTest" time="0.213"/>
  <testcase name="ValidateEMPStausTest" classname="com.orangeHRM.qa.testdata.PIMPageTest" time="0.144"/>
  <testcase name="ClickonPIMLink" classname="com.orangeHRM.qa.testdata.HomePageTest" time="2.084"/>
  <testcase name="ClickOnSearchBtn" classname="com.orangeHRM.qa.testdata.AdminPageTest" time="0.861"/>
  <testcase name="IncludeBoxTest" classname="com.orangeHRM.qa.testdata.PIMPageTest" time="0.082"/>
  <testcase name="ClickOnRecruitmentPage" classname="com.orangeHRM.qa.testdata.HomePageTest" time="1.966"/>
  <testcase name="JobTitleTest" classname="com.orangeHRM.qa.testdata.PIMPageTest" time="0.137"/>
  <testcase name="SubUnitTest" classname="com.orangeHRM.qa.testdata.PIMPageTest" time="0.172"/>
  <testcase name="SearchBtnTest" classname="com.orangeHRM.qa.testdata.PIMPageTest" time="1.114"/>
</testsuite>