<?xml version="1.0" encoding="UTF-8"?>
<!-- Generated by org.testng.reporters.JUnitXMLReporter -->
<testsuite hostname="DELL" ignored="0" name="Test" tests="19" failures="0" timestamp="16 Feb 2021 19:23:43 GMT" time="228.622" errors="0">
  <testcase name="VeriyHomepagetitleTest" time="0.013" classname="com.orangeHRM.qa.testdata.HomePageTest"/>
  <testcase name="OHRMPageTitleTest" time="0.007" classname="com.orangeHRM.qa.testdata.LoginPageTest"/>
  <testcase name="VerifyUserKeywordlabel" time="0.064" classname="com.orangeHRM.qa.testdata.AdminPageTest"/>
  <testcase name="VerifyEmpNameTest" time="0.065" classname="com.orangeHRM.qa.testdata.PIMPageTest"/>
  <testcase name="VerifyLogonameLabel" time="0.076" classname="com.orangeHRM.qa.testdata.HomePageTest"/>
  <testcase name="LoginpageImageTest" time="0.058" classname="com.orangeHRM.qa.testdata.LoginPageTest"/>
  <testcase name="SelectUserName" time="0.204" classname="com.orangeHRM.qa.testdata.AdminPageTest"/>
  <testcase name="ValidateIDnameTest" time="0.245" classname="com.orangeHRM.qa.testdata.PIMPageTest"/>
  <testcase name="ClickonPerformanceLink" time="0.107" classname="com.orangeHRM.qa.testdata.HomePageTest"/>
  <testcase name="loginpageTest" time="4.35" classname="com.orangeHRM.qa.testdata.LoginPageTest"/>
  <testcase name="handeldropdown" time="0.214" classname="com.orangeHRM.qa.testdata.AdminPageTest"/>
  <testcase name="ValidateEMPStausTest" time="0.145" classname="com.orangeHRM.qa.testdata.PIMPageTest"/>
  <testcase name="ClickonPIMLink" time="2.084" classname="com.orangeHRM.qa.testdata.HomePageTest"/>
  <testcase name="ClickOnSearchBtn" time="0.861" classname="com.orangeHRM.qa.testdata.AdminPageTest"/>
  <testcase name="IncludeBoxTest" time="0.082" classname="com.orangeHRM.qa.testdata.PIMPageTest"/>
  <testcase name="ClickOnRecruitmentPage" time="1.966" classname="com.orangeHRM.qa.testdata.HomePageTest"/>
  <testcase name="JobTitleTest" time="0.139" classname="com.orangeHRM.qa.testdata.PIMPageTest"/>
  <testcase name="SubUnitTest" time="0.172" classname="com.orangeHRM.qa.testdata.PIMPageTest"/>
  <testcase name="SearchBtnTest" time="1.114" classname="com.orangeHRM.qa.testdata.PIMPageTest"/>
</testsuite> <!-- Test -->
